[0m14:50:20.457827 [debug] [MainThread]: Sending event: {'category': 'dbt', 'action': 'invocation', 'label': 'start', 'context': [<snowplow_tracker.self_describing_json.SelfDescribingJson object at 0x103b13380>, <snowplow_tracker.self_describing_json.SelfDescribingJson object at 0x107dcf890>, <snowplow_tracker.self_describing_json.SelfDescribingJson object at 0x107dcfb10>]}


============================== 14:50:20.472777 | 0072f0c7-f14e-4e63-bfb4-414e656b8098 ==============================
[0m14:50:20.472777 [info ] [MainThread]: Running with dbt=1.11.11
[0m14:50:20.473018 [debug] [MainThread]: running dbt with arguments {'warn_error': 'None', 'quiet': 'False', 'partial_parse': 'True', 'write_json': 'True', 'fail_fast': 'False', 'indirect_selection': 'eager', 'debug': 'False', 'cache_selected_only': 'False', 'target_path': 'None', 'version_check': 'True', 'printer_width': '80', 'no_print': 'None', 'introspect': 'True', 'send_anonymous_usage_stats': 'True', 'invocation_command': 'dbt init booking_dbt', 'log_format': 'default', 'warn_error_options': 'WarnErrorOptionsV2(error=[], warn=[], silence=[])', 'static_parser': 'True', 'use_colors': 'True', 'log_cache_events': 'False', 'log_path': 'logs', 'profiles_dir': '/Users/pujaverma/.dbt', 'use_experimental_parser': 'False', 'empty': 'None'}
[0m14:50:20.487422 [debug] [MainThread]: Starter project path: /Users/pujaverma/Desktop/BookingSolution/.venv/lib/python3.13/site-packages/dbt/include/starter_project
[0m14:50:20.490148 [info ] [MainThread]: 
Your new dbt project "booking_dbt" was created!

For more information on how to configure the profiles.yml file,
please consult the dbt documentation here:

  https://docs.getdbt.com/docs/configure-your-profile

One more thing:

Need help? Don't hesitate to reach out to us via GitHub issues or on Slack:

  https://community.getdbt.com/

Happy modeling!

[0m14:50:20.490266 [info ] [MainThread]: Setting up your profile.
[0m14:50:28.951063 [debug] [MainThread]: Snowflake adapter: Setting snowflake.connector to ERROR (file logging only)
[0m14:50:28.951248 [debug] [MainThread]: Snowflake adapter: Setting botocore to ERROR (file logging only)
[0m14:50:28.951346 [debug] [MainThread]: Snowflake adapter: Setting boto3 to ERROR (file logging only)
[0m14:53:25.491080 [info ] [MainThread]: Profile booking_dbt written to /Users/pujaverma/.dbt/profiles.yml using target's profile_template.yml and your supplied values. Run 'dbt debug' to validate the connection.
[0m14:53:25.501987 [debug] [MainThread]: Resource report: {"command_name": "init", "command_success": true, "command_wall_clock_time": 185.075, "process_in_blocks": "0", "process_kernel_time": 0.290874, "process_mem_max_rss": "223133696", "process_out_blocks": "0", "process_user_time": 1.225797}
[0m14:53:25.503994 [debug] [MainThread]: Command `dbt init` succeeded at 14:53:25.503752 after 185.08 seconds
[0m14:53:25.504579 [debug] [MainThread]: Sending event: {'category': 'dbt', 'action': 'invocation', 'label': 'end', 'context': [<snowplow_tracker.self_describing_json.SelfDescribingJson object at 0x128602ea0>, <snowplow_tracker.self_describing_json.SelfDescribingJson object at 0x107c9a210>, <snowplow_tracker.self_describing_json.SelfDescribingJson object at 0x1284e3f00>]}
[0m14:53:25.505069 [debug] [MainThread]: Flushing usage events
[0m14:53:26.226566 [debug] [MainThread]: An error was encountered while trying to flush usage events
[0m14:53:35.832125 [debug] [MainThread]: Sending event: {'category': 'dbt', 'action': 'invocation', 'label': 'start', 'context': [<snowplow_tracker.self_describing_json.SelfDescribingJson object at 0x103b716a0>, <snowplow_tracker.self_describing_json.SelfDescribingJson object at 0x104d37890>, <snowplow_tracker.self_describing_json.SelfDescribingJson object at 0x104d379d0>]}


============================== 14:53:35.834303 | 04bb58d5-207d-4176-b4a2-99b96cb645b5 ==============================
[0m14:53:35.834303 [info ] [MainThread]: Running with dbt=1.11.11
[0m14:53:35.834527 [debug] [MainThread]: running dbt with arguments {'write_json': 'True', 'invocation_command': 'dbt debug', 'introspect': 'True', 'debug': 'False', 'indirect_selection': 'eager', 'quiet': 'False', 'cache_selected_only': 'False', 'fail_fast': 'False', 'use_colors': 'True', 'profiles_dir': '/Users/pujaverma/.dbt', 'log_cache_events': 'False', 'static_parser': 'True', 'use_experimental_parser': 'False', 'no_print': 'None', 'version_check': 'True', 'printer_width': '80', 'send_anonymous_usage_stats': 'True', 'log_format': 'default', 'warn_error': 'None', 'log_path': 'logs', 'warn_error_options': 'WarnErrorOptionsV2(error=[], warn=[], silence=[])', 'partial_parse': 'True', 'target_path': 'None', 'empty': 'None'}
[0m14:53:35.842808 [info ] [MainThread]: dbt version: 1.11.11
[0m14:53:35.842917 [info ] [MainThread]: python version: 3.13.5
[0m14:53:35.843004 [info ] [MainThread]: python path: /Users/pujaverma/Desktop/BookingSolution/.venv/bin/python3
[0m14:53:35.843086 [info ] [MainThread]: os info: macOS-15.6.1-arm64-arm-64bit-Mach-O
[0m14:53:36.198756 [debug] [MainThread]: Snowflake adapter: Setting snowflake.connector to ERROR (file logging only)
[0m14:53:36.198951 [debug] [MainThread]: Snowflake adapter: Setting botocore to ERROR (file logging only)
[0m14:53:36.199057 [debug] [MainThread]: Snowflake adapter: Setting boto3 to ERROR (file logging only)
[0m14:53:36.221613 [info ] [MainThread]: Error importing adapter: No module named 'dbt.adapters.databricks'
[0m14:53:36.221809 [info ] [MainThread]: Using profiles dir at /Users/pujaverma/.dbt
[0m14:53:36.221913 [info ] [MainThread]: Using profiles.yml file at /Users/pujaverma/.dbt/profiles.yml
[0m14:53:36.222007 [info ] [MainThread]: Using dbt_project.yml file at /Users/pujaverma/Desktop/BookingSolution/dbt_project.yml
[0m14:53:36.222103 [info ] [MainThread]: Configuration:
[0m14:53:36.222184 [info ] [MainThread]:   profiles.yml file [[31mERROR invalid[0m]
[0m14:53:36.222269 [info ] [MainThread]:   dbt_project.yml file [[31mERROR not found[0m]
[0m14:53:36.222354 [info ] [MainThread]: Required dependencies:
[0m14:53:36.222465 [debug] [MainThread]: Executing "git --help"
[0m14:53:36.233793 [debug] [MainThread]: STDOUT: "b"usage: git [-v | --version] [-h | --help] [-C <path>] [-c <name>=<value>]\n           [--exec-path[=<path>]] [--html-path] [--man-path] [--info-path]\n           [-p | --paginate | -P | --no-pager] [--no-replace-objects] [--bare]\n           [--git-dir=<path>] [--work-tree=<path>] [--namespace=<name>]\n           [--super-prefix=<path>] [--config-env=<name>=<envvar>]\n           <command> [<args>]\n\nThese are common Git commands used in various situations:\n\nstart a working area (see also: git help tutorial)\n   clone     Clone a repository into a new directory\n   init      Create an empty Git repository or reinitialize an existing one\n\nwork on the current change (see also: git help everyday)\n   add       Add file contents to the index\n   mv        Move or rename a file, a directory, or a symlink\n   restore   Restore working tree files\n   rm        Remove files from the working tree and from the index\n\nexamine the history and state (see also: git help revisions)\n   bisect    Use binary search to find the commit that introduced a bug\n   diff      Show changes between commits, commit and working tree, etc\n   grep      Print lines matching a pattern\n   log       Show commit logs\n   show      Show various types of objects\n   status    Show the working tree status\n\ngrow, mark and tweak your common history\n   branch    List, create, or delete branches\n   commit    Record changes to the repository\n   merge     Join two or more development histories together\n   rebase    Reapply commits on top of another base tip\n   reset     Reset current HEAD to the specified state\n   switch    Switch branches\n   tag       Create, list, delete or verify a tag object signed with GPG\n\ncollaborate (see also: git help workflows)\n   fetch     Download objects and refs from another repository\n   pull      Fetch from and integrate with another repository or a local branch\n   push      Update remote refs along with associated objects\n\n'git help -a' and 'git help -g' list available subcommands and some\nconcept guides. See 'git help <command>' or 'git help <concept>'\nto read about a specific subcommand or concept.\nSee 'git help git' for an overview of the system.\n""
[0m14:53:36.234159 [debug] [MainThread]: STDERR: "b''"
[0m14:53:36.234277 [info ] [MainThread]:  - git [[32mOK found[0m]

[0m14:53:36.234385 [info ] [MainThread]: Connection test skipped since no profile was found
[0m14:53:36.234533 [info ] [MainThread]: [31m2 checks failed:[0m
[0m14:53:36.234625 [info ] [MainThread]: Could not load dbt_project.yml
Profile loading failed for the following reason:
Runtime Error
  Credentials in profile "booking_project", target "dev" invalid: Runtime Error
    Could not find adapter type databricks!


[0m14:53:36.234717 [info ] [MainThread]: Project loading failed for the following reason:
 project path </Users/pujaverma/Desktop/BookingSolution/dbt_project.yml> not found

[0m14:53:36.236408 [debug] [MainThread]: Resource report: {"command_name": "debug", "command_success": false, "command_wall_clock_time": 0.43043497, "process_in_blocks": "0", "process_kernel_time": 0.13037, "process_mem_max_rss": "205684736", "process_out_blocks": "0", "process_user_time": 0.742308}
[0m14:53:36.236844 [debug] [MainThread]: Command `dbt debug` failed at 14:53:36.236806 after 0.43 seconds
[0m14:53:36.237015 [debug] [MainThread]: Sending event: {'category': 'dbt', 'action': 'invocation', 'label': 'end', 'context': [<snowplow_tracker.self_describing_json.SelfDescribingJson object at 0x116a15cd0>, <snowplow_tracker.self_describing_json.SelfDescribingJson object at 0x116a485f0>, <snowplow_tracker.self_describing_json.SelfDescribingJson object at 0x11692b130>]}
[0m14:53:36.237175 [debug] [MainThread]: Flushing usage events
[0m14:53:36.668432 [debug] [MainThread]: An error was encountered while trying to flush usage events
[0m18:10:34.640784 [debug] [MainThread]: Sending event: {'category': 'dbt', 'action': 'invocation', 'label': 'start', 'context': [<snowplow_tracker.self_describing_json.SelfDescribingJson object at 0x1044ed6a0>, <snowplow_tracker.self_describing_json.SelfDescribingJson object at 0x10570b9d0>, <snowplow_tracker.self_describing_json.SelfDescribingJson object at 0x10570bb10>]}


============================== 18:10:34.643194 | 5edf8841-7673-4737-8e0a-9ae3e2b64921 ==============================
[0m18:10:34.643194 [info ] [MainThread]: Running with dbt=1.11.11
[0m18:10:34.643452 [debug] [MainThread]: running dbt with arguments {'send_anonymous_usage_stats': 'True', 'printer_width': '80', 'target_path': 'None', 'indirect_selection': 'eager', 'warn_error': 'None', 'invocation_command': 'dbt run --select stg_bookings', 'introspect': 'True', 'log_cache_events': 'False', 'use_colors': 'True', 'use_experimental_parser': 'False', 'cache_selected_only': 'False', 'log_format': 'default', 'log_path': 'logs', 'quiet': 'False', 'fail_fast': 'False', 'version_check': 'True', 'static_parser': 'True', 'debug': 'False', 'partial_parse': 'True', 'profiles_dir': '/Users/pujaverma/.dbt', 'no_print': 'None', 'empty': 'False', 'warn_error_options': 'WarnErrorOptionsV2(error=[], warn=[], silence=[])', 'write_json': 'True'}
[0m18:10:34.643686 [error] [MainThread]: Encountered an error:
Runtime Error
  No dbt_project.yml found at expected path /Users/pujaverma/Desktop/BookingSolution/dbt_project.yml
  Verify that each entry within packages.yml (and their transitive dependencies) contains a file named dbt_project.yml
  
[0m18:10:34.644809 [debug] [MainThread]: Resource report: {"command_name": "run", "command_success": false, "command_wall_clock_time": 0.031503834, "process_in_blocks": "0", "process_kernel_time": 0.084256, "process_mem_max_rss": "110411776", "process_out_blocks": "0", "process_user_time": 0.487049}
[0m18:10:34.645013 [debug] [MainThread]: Command `dbt run` failed at 18:10:34.644977 after 0.03 seconds
[0m18:10:34.645134 [debug] [MainThread]: Sending event: {'category': 'dbt', 'action': 'invocation', 'label': 'end', 'context': [<snowplow_tracker.self_describing_json.SelfDescribingJson object at 0x105734fc0>, <snowplow_tracker.self_describing_json.SelfDescribingJson object at 0x1056e2690>, <snowplow_tracker.self_describing_json.SelfDescribingJson object at 0x1056a6e00>]}
[0m18:10:34.645268 [debug] [MainThread]: Flushing usage events
[0m18:10:35.113712 [debug] [MainThread]: An error was encountered while trying to flush usage events
[0m18:11:07.293902 [debug] [MainThread]: Sending event: {'category': 'dbt', 'action': 'invocation', 'label': 'start', 'context': [<snowplow_tracker.self_describing_json.SelfDescribingJson object at 0x103fa56a0>, <snowplow_tracker.self_describing_json.SelfDescribingJson object at 0x1051bf9d0>, <snowplow_tracker.self_describing_json.SelfDescribingJson object at 0x1051bfb10>]}


============================== 18:11:07.296217 | e945c6d3-35f7-4b75-9946-90b772920519 ==============================
[0m18:11:07.296217 [info ] [MainThread]: Running with dbt=1.11.11
[0m18:11:07.296459 [debug] [MainThread]: running dbt with arguments {'log_format': 'default', 'warn_error_options': 'WarnErrorOptionsV2(error=[], warn=[], silence=[])', 'no_print': 'None', 'invocation_command': 'dbt run --select stg_bookings', 'static_parser': 'True', 'version_check': 'True', 'send_anonymous_usage_stats': 'True', 'use_experimental_parser': 'False', 'partial_parse': 'True', 'target_path': 'None', 'introspect': 'True', 'log_path': 'logs', 'cache_selected_only': 'False', 'debug': 'False', 'printer_width': '80', 'write_json': 'True', 'warn_error': 'None', 'quiet': 'False', 'use_colors': 'True', 'empty': 'False', 'indirect_selection': 'eager', 'fail_fast': 'False', 'log_cache_events': 'False', 'profiles_dir': '/Users/pujaverma/.dbt'}
[0m18:11:07.296691 [error] [MainThread]: Encountered an error:
Runtime Error
  No dbt_project.yml found at expected path /Users/pujaverma/Desktop/BookingSolution/dbt_project.yml
  Verify that each entry within packages.yml (and their transitive dependencies) contains a file named dbt_project.yml
  
[0m18:11:07.297849 [debug] [MainThread]: Resource report: {"command_name": "run", "command_success": false, "command_wall_clock_time": 0.03062475, "process_in_blocks": "0", "process_kernel_time": 0.080064, "process_mem_max_rss": "111394816", "process_out_blocks": "0", "process_user_time": 0.486969}
[0m18:11:07.298034 [debug] [MainThread]: Command `dbt run` failed at 18:11:07.297999 after 0.03 seconds
[0m18:11:07.298159 [debug] [MainThread]: Sending event: {'category': 'dbt', 'action': 'invocation', 'label': 'end', 'context': [<snowplow_tracker.self_describing_json.SelfDescribingJson object at 0x1051e8fc0>, <snowplow_tracker.self_describing_json.SelfDescribingJson object at 0x105196690>, <snowplow_tracker.self_describing_json.SelfDescribingJson object at 0x10515ae00>]}
[0m18:11:07.298276 [debug] [MainThread]: Flushing usage events
[0m18:11:07.710721 [debug] [MainThread]: An error was encountered while trying to flush usage events
[0m18:14:29.992470 [debug] [MainThread]: Sending event: {'category': 'dbt', 'action': 'invocation', 'label': 'start', 'context': [<snowplow_tracker.self_describing_json.SelfDescribingJson object at 0x11009d6a0>, <snowplow_tracker.self_describing_json.SelfDescribingJson object at 0x1119f79d0>, <snowplow_tracker.self_describing_json.SelfDescribingJson object at 0x1119f7b10>]}


============================== 18:14:29.994871 | 48f2cbff-0cd0-40ee-81c4-395dc13899da ==============================
[0m18:14:29.994871 [info ] [MainThread]: Running with dbt=1.11.11
[0m18:14:29.995136 [debug] [MainThread]: running dbt with arguments {'use_colors': 'True', 'log_cache_events': 'False', 'warn_error': 'None', 'quiet': 'False', 'version_check': 'True', 'debug': 'False', 'invocation_command': 'dbt run --select stg_bookings', 'indirect_selection': 'eager', 'fail_fast': 'False', 'target_path': 'None', 'no_print': 'None', 'use_experimental_parser': 'False', 'empty': 'False', 'static_parser': 'True', 'introspect': 'True', 'send_anonymous_usage_stats': 'True', 'profiles_dir': '/Users/pujaverma/.dbt', 'cache_selected_only': 'False', 'warn_error_options': 'WarnErrorOptionsV2(error=[], warn=[], silence=[])', 'log_path': 'logs', 'log_format': 'default', 'partial_parse': 'True', 'printer_width': '80', 'write_json': 'True'}
[0m18:14:29.995386 [error] [MainThread]: Encountered an error:
Runtime Error
  No dbt_project.yml found at expected path /Users/pujaverma/Desktop/BookingSolution/dbt_project.yml
  Verify that each entry within packages.yml (and their transitive dependencies) contains a file named dbt_project.yml
  
[0m18:14:29.996522 [debug] [MainThread]: Resource report: {"command_name": "run", "command_success": false, "command_wall_clock_time": 0.033075, "process_in_blocks": "0", "process_kernel_time": 0.089244, "process_mem_max_rss": "112771072", "process_out_blocks": "0", "process_user_time": 0.507074}
[0m18:14:29.996719 [debug] [MainThread]: Command `dbt run` failed at 18:14:29.996677 after 0.03 seconds
[0m18:14:29.996842 [debug] [MainThread]: Sending event: {'category': 'dbt', 'action': 'invocation', 'label': 'end', 'context': [<snowplow_tracker.self_describing_json.SelfDescribingJson object at 0x111a24fc0>, <snowplow_tracker.self_describing_json.SelfDescribingJson object at 0x1119d2690>, <snowplow_tracker.self_describing_json.SelfDescribingJson object at 0x11199ae00>]}
[0m18:14:29.996956 [debug] [MainThread]: Flushing usage events
[0m18:14:30.462277 [debug] [MainThread]: An error was encountered while trying to flush usage events
